<?xml version="1.0" encoding="UTF-8"?>
<coverage generated="1746944302814" clover="3.2.0">
  <project timestamp="1746944302814" name="All files">
    <metrics statements="90" coveredstatements="31" conditionals="24" coveredconditionals="7" methods="17" coveredmethods="7" elements="131" coveredelements="45" complexity="0" loc="90" ncloc="90" packages="1" files="1" classes="1"/>
    <file name="index.ts" path="/workspaces/mtg-cli-game/index.ts">
      <metrics statements="90" coveredstatements="31" conditionals="24" coveredconditionals="7" methods="17" coveredmethods="7"/>
      <line num="3" count="5" type="stmt"/>
      <line num="4" count="5" type="stmt"/>
      <line num="5" count="5" type="stmt"/>
      <line num="6" count="5" type="stmt"/>
      <line num="10" count="5" type="stmt"/>
      <line num="31" count="5" type="stmt"/>
      <line num="32" count="5" type="stmt"/>
      <line num="35" count="5" type="stmt"/>
      <line num="36" count="1" type="stmt"/>
      <line num="40" count="5" type="stmt"/>
      <line num="41" count="1" type="stmt"/>
      <line num="42" count="1" type="stmt"/>
      <line num="43" count="1" type="stmt"/>
      <line num="44" count="1" type="cond" truecount="1" falsecount="1"/>
      <line num="49" count="0" type="stmt"/>
      <line num="63" count="0" type="cond" truecount="0" falsecount="6"/>
      <line num="65" count="0" type="stmt"/>
      <line num="67" count="0" type="stmt"/>
      <line num="69" count="0" type="stmt"/>
      <line num="71" count="0" type="stmt"/>
      <line num="73" count="0" type="stmt"/>
      <line num="75" count="0" type="stmt"/>
      <line num="76" count="0" type="stmt"/>
      <line num="81" count="5" type="stmt"/>
      <line num="82" count="2" type="stmt"/>
      <line num="85" count="1" type="stmt"/>
      <line num="89" count="0" type="stmt"/>
      <line num="95" count="0" type="stmt"/>
      <line num="96" count="0" type="stmt"/>
      <line num="97" count="0" type="stmt"/>
      <line num="98" count="0" type="stmt"/>
      <line num="101" count="0" type="cond" truecount="0" falsecount="1"/>
      <line num="102" count="0" type="stmt"/>
      <line num="111" count="0" type="cond" truecount="0" falsecount="2"/>
      <line num="112" count="0" type="stmt"/>
      <line num="114" count="0" type="stmt"/>
      <line num="118" count="0" type="stmt"/>
      <line num="124" count="0" type="cond" truecount="0" falsecount="1"/>
      <line num="125" count="0" type="stmt"/>
      <line num="126" count="0" type="stmt"/>
      <line num="129" count="0" type="stmt"/>
      <line num="132" count="0" type="stmt"/>
      <line num="133" count="0" type="stmt"/>
      <line num="137" count="5" type="stmt"/>
      <line num="138" count="2" type="cond" truecount="2" falsecount="0"/>
      <line num="139" count="1" type="stmt"/>
      <line num="141" count="1" type="stmt"/>
      <line num="142" count="2" type="stmt"/>
      <line num="147" count="0" type="cond" truecount="0" falsecount="2"/>
      <line num="148" count="0" type="stmt"/>
      <line num="150" count="0" type="stmt"/>
      <line num="151" count="0" type="stmt"/>
      <line num="153" count="0" type="stmt"/>
      <line num="157" count="5" type="stmt"/>
      <line num="158" count="2" type="cond" truecount="0" falsecount="1"/>
      <line num="159" count="0" type="stmt"/>
      <line num="160" count="0" type="stmt"/>
      <line num="163" count="2" type="stmt"/>
      <line num="169" count="2" type="stmt"/>
      <line num="170" count="2" type="cond" truecount="4" falsecount="0"/>
      <line num="171" count="1" type="stmt"/>
      <line num="172" count="1" type="stmt"/>
      <line num="174" count="1" type="stmt"/>
      <line num="179" count="0" type="stmt"/>
      <line num="180" count="0" type="stmt"/>
      <line num="185" count="0" type="cond" truecount="0" falsecount="1"/>
      <line num="186" count="0" type="stmt"/>
      <line num="187" count="0" type="stmt"/>
      <line num="190" count="0" type="stmt"/>
      <line num="196" count="0" type="stmt"/>
      <line num="197" count="0" type="stmt"/>
      <line num="200" count="0" type="stmt"/>
      <line num="203" count="0" type="cond" truecount="0" falsecount="1"/>
      <line num="204" count="0" type="stmt"/>
      <line num="207" count="0" type="stmt"/>
      <line num="210" count="0" type="stmt"/>
      <line num="212" count="0" type="stmt"/>
      <line num="215" count="0" type="stmt"/>
      <line num="220" count="0" type="stmt"/>
      <line num="239" count="0" type="stmt"/>
      <line num="243" count="5" type="cond" truecount="0" falsecount="1"/>
      <line num="244" count="0" type="stmt"/>
      <line num="245" count="0" type="stmt"/>
      <line num="246" count="0" type="stmt"/>
      <line num="247" count="0" type="stmt"/>
      <line num="248" count="0" type="stmt"/>
      <line num="250" count="0" type="stmt"/>
      <line num="252" count="0" type="stmt"/>
      <line num="253" count="0" type="stmt"/>
      <line num="255" count="0" type="stmt"/>
    </file>
  </project>
</coverage>
