{
  "/workspaces/mtg-cli-game/index.ts": {
    "path": "/workspaces/mtg-cli-game/index.ts",
    "statementMap": {
      "0": {
        "start": { "line": 35, "column": 0 },
        "end": { "line": 35, "column": 16 }
      },
      "1": {
        "start": { "line": 40, "column": 0 },
        "end": { "line": 40, "column": 22 }
      },
      "2": {
        "start": { "line": 81, "column": 0 },
        "end": { "line": 81, "column": 22 }
      },
      "3": {
        "start": { "line": 137, "column": 0 },
        "end": { "line": 137, "column": 16 }
      },
      "4": {
        "start": { "line": 157, "column": 0 },
        "end": { "line": 157, "column": 22 }
      },
      "5": {
        "start": { "line": 3, "column": 0 },
        "end": { "line": 3, "column": 32 }
      },
      "6": {
        "start": { "line": 4, "column": 0 },
        "end": { "line": 4, "column": 26 }
      },
      "7": {
        "start": { "line": 5, "column": 0 },
        "end": { "line": 5, "column": 26 }
      },
      "8": {
        "start": { "line": 6, "column": 0 },
        "end": { "line": 6, "column": null }
      },
      "9": {
        "start": { "line": 10, "column": 0 },
        "end": { "line": 10, "column": 69 }
      },
      "10": {
        "start": { "line": 31, "column": 23 },
        "end": { "line": 31, "column": 25 }
      },
      "11": {
        "start": { "line": 32, "column": 38 },
        "end": { "line": 32, "column": 42 }
      },
      "12": {
        "start": { "line": 36, "column": 2 },
        "end": { "line": 36, "column": 59 }
      },
      "13": {
        "start": { "line": 36, "column": 34 },
        "end": { "line": 36, "column": 57 }
      },
      "14": {
        "start": { "line": 41, "column": 17 },
        "end": { "line": 41, "column": 71 }
      },
      "15": {
        "start": { "line": 42, "column": 18 },
        "end": { "line": 42, "column": 69 }
      },
      "16": {
        "start": { "line": 43, "column": 15 },
        "end": { "line": 43, "column": 41 }
      },
      "17": {
        "start": { "line": 44, "column": 2 },
        "end": { "line": 44, "column": 57 }
      },
      "18": {
        "start": { "line": 49, "column": 21 },
        "end": { "line": 61, "column": 4 }
      },
      "19": {
        "start": { "line": 63, "column": 2 },
        "end": { "line": 77, "column": 3 }
      },
      "20": {
        "start": { "line": 65, "column": 6 },
        "end": { "line": 65, "column": 32 }
      },
      "21": {
        "start": { "line": 67, "column": 6 },
        "end": { "line": 67, "column": 30 }
      },
      "22": {
        "start": { "line": 69, "column": 6 },
        "end": { "line": 69, "column": 32 }
      },
      "23": {
        "start": { "line": 71, "column": 6 },
        "end": { "line": 71, "column": 26 }
      },
      "24": {
        "start": { "line": 73, "column": 6 },
        "end": { "line": 73, "column": 24 }
      },
      "25": {
        "start": { "line": 75, "column": 6 },
        "end": { "line": 75, "column": 43 }
      },
      "26": {
        "start": { "line": 76, "column": 6 },
        "end": { "line": 76, "column": 21 }
      },
      "27": {
        "start": { "line": 82, "column": 19 },
        "end": { "line": 83, "column": null }
      },
      "28": {
        "start": { "line": 85, "column": 2 },
        "end": { "line": 85, "column": 23 }
      },
      "29": {
        "start": { "line": 89, "column": 19 },
        "end": { "line": 93, "column": 4 }
      },
      "30": {
        "start": { "line": 95, "column": 2 },
        "end": { "line": 130, "column": 3 }
      },
      "31": {
        "start": { "line": 96, "column": 17 },
        "end": { "line": 96, "column": 39 }
      },
      "32": {
        "start": { "line": 97, "column": 4 },
        "end": { "line": 97, "column": 66 }
      },
      "33": {
        "start": { "line": 98, "column": 4 },
        "end": { "line": 98, "column": 46 }
      },
      "34": {
        "start": { "line": 101, "column": 4 },
        "end": { "line": 116, "column": 5 }
      },
      "35": {
        "start": { "line": 102, "column": 24 },
        "end": { "line": 109, "column": 8 }
      },
      "36": {
        "start": { "line": 111, "column": 6 },
        "end": { "line": 115, "column": 7 }
      },
      "37": {
        "start": { "line": 112, "column": 8 },
        "end": { "line": 112, "column": 82 }
      },
      "38": {
        "start": { "line": 114, "column": 8 },
        "end": { "line": 114, "column": 62 }
      },
      "39": {
        "start": { "line": 118, "column": 20 },
        "end": { "line": 122, "column": 6 }
      },
      "40": {
        "start": { "line": 124, "column": 4 },
        "end": { "line": 127, "column": 5 }
      },
      "41": {
        "start": { "line": 125, "column": 6 },
        "end": { "line": 125, "column": 50 }
      },
      "42": {
        "start": { "line": 126, "column": 6 },
        "end": { "line": 126, "column": 54 }
      },
      "43": {
        "start": { "line": 129, "column": 4 },
        "end": { "line": 129, "column": 46 }
      },
      "44": {
        "start": { "line": 132, "column": 2 },
        "end": { "line": 132, "column": 18 }
      },
      "45": {
        "start": { "line": 133, "column": 2 },
        "end": { "line": 133, "column": 13 }
      },
      "46": {
        "start": { "line": 138, "column": 2 },
        "end": { "line": 143, "column": 3 }
      },
      "47": {
        "start": { "line": 139, "column": 4 },
        "end": { "line": 139, "column": 39 }
      },
      "48": {
        "start": { "line": 141, "column": 4 },
        "end": { "line": 141, "column": 30 }
      },
      "49": {
        "start": { "line": 142, "column": 4 },
        "end": { "line": 142, "column": 77 }
      },
      "50": {
        "start": { "line": 142, "column": 34 },
        "end": { "line": 142, "column": 75 }
      },
      "51": {
        "start": { "line": 147, "column": 2 },
        "end": { "line": 152, "column": 3 }
      },
      "52": {
        "start": { "line": 148, "column": 4 },
        "end": { "line": 148, "column": 51 }
      },
      "53": {
        "start": { "line": 150, "column": 4 },
        "end": { "line": 150, "column": 42 }
      },
      "54": {
        "start": { "line": 151, "column": 4 },
        "end": { "line": 151, "column": 77 }
      },
      "55": {
        "start": { "line": 151, "column": 34 },
        "end": { "line": 151, "column": 75 }
      },
      "56": {
        "start": { "line": 153, "column": 2 },
        "end": { "line": 153, "column": 13 }
      },
      "57": {
        "start": { "line": 158, "column": 2 },
        "end": { "line": 161, "column": 3 }
      },
      "58": {
        "start": { "line": 159, "column": 4 },
        "end": { "line": 159, "column": 51 }
      },
      "59": {
        "start": { "line": 160, "column": 4 },
        "end": { "line": 160, "column": 11 }
      },
      "60": {
        "start": { "line": 163, "column": 20 },
        "end": { "line": 167, "column": 4 }
      },
      "61": {
        "start": { "line": 169, "column": 14 },
        "end": { "line": 169, "column": 33 }
      },
      "62": {
        "start": { "line": 170, "column": 2 },
        "end": { "line": 175, "column": 3 }
      },
      "63": {
        "start": { "line": 171, "column": 20 },
        "end": { "line": 171, "column": 39 }
      },
      "64": {
        "start": { "line": 172, "column": 4 },
        "end": { "line": 172, "column": 70 }
      },
      "65": {
        "start": { "line": 174, "column": 4 },
        "end": { "line": 174, "column": 45 }
      },
      "66": {
        "start": { "line": 179, "column": 2 },
        "end": { "line": 179, "column": 25 }
      },
      "67": {
        "start": { "line": 180, "column": 2 },
        "end": { "line": 180, "column": 13 }
      },
      "68": {
        "start": { "line": 185, "column": 2 },
        "end": { "line": 188, "column": 3 }
      },
      "69": {
        "start": { "line": 186, "column": 4 },
        "end": { "line": 186, "column": 63 }
      },
      "70": {
        "start": { "line": 187, "column": 4 },
        "end": { "line": 187, "column": 22 }
      },
      "71": {
        "start": { "line": 190, "column": 23 },
        "end": { "line": 194, "column": 4 }
      },
      "72": {
        "start": { "line": 196, "column": 2 },
        "end": { "line": 213, "column": 3 }
      },
      "73": {
        "start": { "line": 197, "column": 21 },
        "end": { "line": 201, "column": 8 }
      },
      "74": {
        "start": { "line": 200, "column": 66 },
        "end": { "line": 200, "column": 70 }
      },
      "75": {
        "start": { "line": 203, "column": 4 },
        "end": { "line": 205, "column": 5 }
      },
      "76": {
        "start": { "line": 204, "column": 6 },
        "end": { "line": 204, "column": 27 }
      },
      "77": {
        "start": { "line": 207, "column": 4 },
        "end": { "line": 209, "column": 6 }
      },
      "78": {
        "start": { "line": 210, "column": 4 },
        "end": { "line": 210, "column": 14 }
      },
      "79": {
        "start": { "line": 212, "column": 4 },
        "end": { "line": 212, "column": 66 }
      },
      "80": {
        "start": { "line": 215, "column": 2 },
        "end": { "line": 215, "column": 13 }
      },
      "81": {
        "start": { "line": 220, "column": 2 },
        "end": { "line": 238, "column": 5 }
      },
      "82": {
        "start": { "line": 239, "column": 2 },
        "end": { "line": 239, "column": 13 }
      },
      "83": {
        "start": { "line": 243, "column": 0 },
        "end": { "line": 258, "column": 1 }
      },
      "84": {
        "start": { "line": 244, "column": 2 },
        "end": { "line": 257, "column": 7 }
      },
      "85": {
        "start": { "line": 244, "column": 14 },
        "end": { "line": 257, "column": 4 }
      },
      "86": {
        "start": { "line": 245, "column": 4 },
        "end": { "line": 256, "column": 5 }
      },
      "87": {
        "start": { "line": 246, "column": 21 },
        "end": { "line": 246, "column": 55 }
      },
      "88": {
        "start": { "line": 247, "column": 26 },
        "end": { "line": 247, "column": 44 }
      },
      "89": {
        "start": { "line": 248, "column": 26 },
        "end": { "line": 248, "column": 44 }
      },
      "90": {
        "start": { "line": 250, "column": 6 },
        "end": { "line": 250, "column": 53 }
      },
      "91": {
        "start": { "line": 252, "column": 6 },
        "end": { "line": 252, "column": 56 }
      },
      "92": {
        "start": { "line": 253, "column": 6 },
        "end": { "line": 253, "column": 17 }
      },
      "93": {
        "start": { "line": 255, "column": 6 },
        "end": { "line": 255, "column": 73 }
      }
    },
    "fnMap": {
      "0": {
        "name": "wait",
        "decl": {
          "start": { "line": 35, "column": 16 },
          "end": { "line": 35, "column": 20 }
        },
        "loc": {
          "start": { "line": 35, "column": 31 },
          "end": { "line": 37, "column": 1 }
        }
      },
      "1": {
        "name": "(anonymous_9)",
        "decl": {
          "start": { "line": 36, "column": 21 },
          "end": { "line": 36, "column": 22 }
        },
        "loc": {
          "start": { "line": 36, "column": 34 },
          "end": { "line": 36, "column": 57 }
        }
      },
      "2": {
        "name": "getSecret",
        "decl": {
          "start": { "line": 40, "column": 22 },
          "end": { "line": 40, "column": 31 }
        },
        "loc": {
          "start": { "line": 40, "column": 50 },
          "end": { "line": 45, "column": null }
        }
      },
      "3": {
        "name": "mainMenu",
        "decl": {
          "start": { "line": 48, "column": 15 },
          "end": { "line": 48, "column": 23 }
        },
        "loc": {
          "start": { "line": 48, "column": 23 },
          "end": { "line": 78, "column": null }
        }
      },
      "4": {
        "name": "searchCard",
        "decl": {
          "start": { "line": 81, "column": 22 },
          "end": { "line": 81, "column": 32 }
        },
        "loc": {
          "start": { "line": 81, "column": 45 },
          "end": { "line": 86, "column": null }
        }
      },
      "5": {
        "name": "searchCardPrompt",
        "decl": {
          "start": { "line": 88, "column": 15 },
          "end": { "line": 88, "column": 31 }
        },
        "loc": {
          "start": { "line": 88, "column": 31 },
          "end": { "line": 134, "column": null }
        }
      },
      "6": {
        "name": "viewDeck",
        "decl": {
          "start": { "line": 137, "column": 16 },
          "end": { "line": 137, "column": 24 }
        },
        "loc": {
          "start": { "line": 137, "column": 41 },
          "end": { "line": 144, "column": 1 }
        }
      },
      "7": {
        "name": "(anonymous_19)",
        "decl": {
          "start": { "line": 142, "column": 17 },
          "end": { "line": 142, "column": 18 }
        },
        "loc": {
          "start": { "line": 142, "column": 34 },
          "end": { "line": 142, "column": 75 }
        }
      },
      "8": {
        "name": "viewDeckPrompt",
        "decl": {
          "start": { "line": 146, "column": 9 },
          "end": { "line": 146, "column": 23 }
        },
        "loc": {
          "start": { "line": 146, "column": 23 },
          "end": { "line": 154, "column": 1 }
        }
      },
      "9": {
        "name": "(anonymous_21)",
        "decl": {
          "start": { "line": 151, "column": 17 },
          "end": { "line": 151, "column": 18 }
        },
        "loc": {
          "start": { "line": 151, "column": 34 },
          "end": { "line": 151, "column": 75 }
        }
      },
      "10": {
        "name": "removeCard",
        "decl": {
          "start": { "line": 157, "column": 22 },
          "end": { "line": 157, "column": 32 }
        },
        "loc": {
          "start": { "line": 157, "column": 49 },
          "end": { "line": 176, "column": null }
        }
      },
      "11": {
        "name": "removeCardPrompt",
        "decl": {
          "start": { "line": 178, "column": 15 },
          "end": { "line": 178, "column": 31 }
        },
        "loc": {
          "start": { "line": 178, "column": 31 },
          "end": { "line": 181, "column": null }
        }
      },
      "12": {
        "name": "submitDeck",
        "decl": {
          "start": { "line": 184, "column": 15 },
          "end": { "line": 184, "column": 25 }
        },
        "loc": {
          "start": { "line": 184, "column": 25 },
          "end": { "line": 216, "column": null }
        }
      },
      "13": {
        "name": "(anonymous_28)",
        "decl": {
          "start": { "line": 200, "column": 59 },
          "end": { "line": 200, "column": 60 }
        },
        "loc": {
          "start": { "line": 200, "column": 66 },
          "end": { "line": 200, "column": 70 }
        }
      },
      "14": {
        "name": "showHelp",
        "decl": {
          "start": { "line": 219, "column": 9 },
          "end": { "line": 219, "column": 17 }
        },
        "loc": {
          "start": { "line": 219, "column": 17 },
          "end": { "line": 240, "column": 1 }
        }
      },
      "15": {
        "name": "(anonymous_30)",
        "decl": {
          "start": { "line": 244, "column": 3 },
          "end": { "line": 244, "column": 12 }
        },
        "loc": {
          "start": { "line": 244, "column": 14 },
          "end": { "line": 257, "column": 4 }
        }
      },
      "16": {
        "name": "(anonymous_31)",
        "decl": {
          "start": { "line": 244, "column": 14 },
          "end": { "line": 244, "column": null }
        },
        "loc": {
          "start": { "line": 244, "column": 14 },
          "end": { "line": 257, "column": 3 }
        }
      }
    },
    "branchMap": {
      "0": {
        "loc": {
          "start": { "line": 44, "column": 20 },
          "end": { "line": 44, "column": 45 }
        },
        "type": "binary-expr",
        "locations": [
          {
            "start": { "line": 44, "column": 20 },
            "end": { "line": 44, "column": 37 }
          },
          {
            "start": { "line": 44, "column": 41 },
            "end": { "line": 44, "column": 45 }
          }
        ]
      },
      "1": {
        "loc": {
          "start": { "line": 63, "column": 2 },
          "end": { "line": 77, "column": 3 }
        },
        "type": "switch",
        "locations": [
          {
            "start": { "line": 64, "column": 4 },
            "end": { "line": 65, "column": 32 }
          },
          {
            "start": { "line": 66, "column": 4 },
            "end": { "line": 67, "column": 30 }
          },
          {
            "start": { "line": 68, "column": 4 },
            "end": { "line": 69, "column": 32 }
          },
          {
            "start": { "line": 70, "column": 4 },
            "end": { "line": 71, "column": 26 }
          },
          {
            "start": { "line": 72, "column": 4 },
            "end": { "line": 73, "column": 24 }
          },
          {
            "start": { "line": 74, "column": 4 },
            "end": { "line": 76, "column": 21 }
          }
        ]
      },
      "2": {
        "loc": {
          "start": { "line": 101, "column": 4 },
          "end": { "line": 116, "column": 5 }
        },
        "type": "if",
        "locations": [
          {
            "start": { "line": 101, "column": 4 },
            "end": { "line": 116, "column": 5 }
          }
        ]
      },
      "3": {
        "loc": {
          "start": { "line": 111, "column": 6 },
          "end": { "line": 115, "column": 7 }
        },
        "type": "if",
        "locations": [
          {
            "start": { "line": 111, "column": 6 },
            "end": { "line": 115, "column": 7 }
          },
          {
            "start": { "line": 113, "column": 13 },
            "end": { "line": 115, "column": 7 }
          }
        ]
      },
      "4": {
        "loc": {
          "start": { "line": 124, "column": 4 },
          "end": { "line": 127, "column": 5 }
        },
        "type": "if",
        "locations": [
          {
            "start": { "line": 124, "column": 4 },
            "end": { "line": 127, "column": 5 }
          }
        ]
      },
      "5": {
        "loc": {
          "start": { "line": 138, "column": 2 },
          "end": { "line": 143, "column": 3 }
        },
        "type": "if",
        "locations": [
          {
            "start": { "line": 138, "column": 2 },
            "end": { "line": 143, "column": 3 }
          },
          {
            "start": { "line": 140, "column": 9 },
            "end": { "line": 143, "column": 3 }
          }
        ]
      },
      "6": {
        "loc": {
          "start": { "line": 147, "column": 2 },
          "end": { "line": 152, "column": 3 }
        },
        "type": "if",
        "locations": [
          {
            "start": { "line": 147, "column": 2 },
            "end": { "line": 152, "column": 3 }
          },
          {
            "start": { "line": 149, "column": 9 },
            "end": { "line": 152, "column": 3 }
          }
        ]
      },
      "7": {
        "loc": {
          "start": { "line": 158, "column": 2 },
          "end": { "line": 161, "column": 3 }
        },
        "type": "if",
        "locations": [
          {
            "start": { "line": 158, "column": 2 },
            "end": { "line": 161, "column": 3 }
          }
        ]
      },
      "8": {
        "loc": {
          "start": { "line": 170, "column": 2 },
          "end": { "line": 175, "column": 3 }
        },
        "type": "if",
        "locations": [
          {
            "start": { "line": 170, "column": 2 },
            "end": { "line": 175, "column": 3 }
          },
          {
            "start": { "line": 173, "column": 9 },
            "end": { "line": 175, "column": 3 }
          }
        ]
      },
      "9": {
        "loc": {
          "start": { "line": 170, "column": 6 },
          "end": { "line": 170, "column": 35 }
        },
        "type": "binary-expr",
        "locations": [
          {
            "start": { "line": 170, "column": 6 },
            "end": { "line": 170, "column": 14 }
          },
          {
            "start": { "line": 170, "column": 18 },
            "end": { "line": 170, "column": 35 }
          }
        ]
      },
      "10": {
        "loc": {
          "start": { "line": 185, "column": 2 },
          "end": { "line": 188, "column": 3 }
        },
        "type": "if",
        "locations": [
          {
            "start": { "line": 185, "column": 2 },
            "end": { "line": 188, "column": 3 }
          }
        ]
      },
      "11": {
        "loc": {
          "start": { "line": 203, "column": 4 },
          "end": { "line": 205, "column": 5 }
        },
        "type": "if",
        "locations": [
          {
            "start": { "line": 203, "column": 4 },
            "end": { "line": 205, "column": 5 }
          }
        ]
      },
      "12": {
        "loc": {
          "start": { "line": 243, "column": 0 },
          "end": { "line": 258, "column": 1 }
        },
        "type": "if",
        "locations": [
          {
            "start": { "line": 243, "column": 0 },
            "end": { "line": 258, "column": 1 }
          }
        ]
      }
    },
    "s": {
      "0": 5,
      "1": 5,
      "2": 5,
      "3": 5,
      "4": 5,
      "5": 5,
      "6": 5,
      "7": 5,
      "8": 5,
      "9": 5,
      "10": 5,
      "11": 5,
      "12": 1,
      "13": 1,
      "14": 1,
      "15": 1,
      "16": 1,
      "17": 1,
      "18": 0,
      "19": 0,
      "20": 0,
      "21": 0,
      "22": 0,
      "23": 0,
      "24": 0,
      "25": 0,
      "26": 0,
      "27": 2,
      "28": 1,
      "29": 0,
      "30": 0,
      "31": 0,
      "32": 0,
      "33": 0,
      "34": 0,
      "35": 0,
      "36": 0,
      "37": 0,
      "38": 0,
      "39": 0,
      "40": 0,
      "41": 0,
      "42": 0,
      "43": 0,
      "44": 0,
      "45": 0,
      "46": 2,
      "47": 1,
      "48": 1,
      "49": 1,
      "50": 2,
      "51": 0,
      "52": 0,
      "53": 0,
      "54": 0,
      "55": 0,
      "56": 0,
      "57": 2,
      "58": 0,
      "59": 0,
      "60": 2,
      "61": 2,
      "62": 2,
      "63": 1,
      "64": 1,
      "65": 1,
      "66": 0,
      "67": 0,
      "68": 0,
      "69": 0,
      "70": 0,
      "71": 0,
      "72": 0,
      "73": 0,
      "74": 0,
      "75": 0,
      "76": 0,
      "77": 0,
      "78": 0,
      "79": 0,
      "80": 0,
      "81": 0,
      "82": 0,
      "83": 5,
      "84": 0,
      "85": 0,
      "86": 0,
      "87": 0,
      "88": 0,
      "89": 0,
      "90": 0,
      "91": 0,
      "92": 0,
      "93": 0
    },
    "f": {
      "0": 1,
      "1": 1,
      "2": 1,
      "3": 0,
      "4": 2,
      "5": 0,
      "6": 2,
      "7": 2,
      "8": 0,
      "9": 0,
      "10": 2,
      "11": 0,
      "12": 0,
      "13": 0,
      "14": 0,
      "15": 0,
      "16": 0
    },
    "b": {
      "0": [1, 0],
      "1": [0, 0, 0, 0, 0, 0],
      "2": [0],
      "3": [0, 0],
      "4": [0],
      "5": [1, 1],
      "6": [0, 0],
      "7": [0],
      "8": [1, 1],
      "9": [2, 2],
      "10": [0],
      "11": [0],
      "12": [0]
    }
  }
}
