TN:
SF:index.ts
FN:35,wait
FN:36,(anonymous_9)
FN:40,getSecret
FN:48,mainMenu
FN:81,searchCard
FN:88,searchCardPrompt
FN:140,viewDeck
FN:145,(anonymous_19)
FN:149,viewDeckPrompt
FN:154,(anonymous_21)
FN:160,removeCard
FN:181,removeCardPrompt
FN:187,submitDeck
FN:203,(anonymous_28)
FN:224,showHelp
FN:249,(anonymous_30)
FN:249,(anonymous_31)
FNF:17
FNH:7
FNDA:1,wait
FNDA:1,(anonymous_9)
FNDA:1,getSecret
FNDA:0,mainMenu
FNDA:2,searchCard
FNDA:0,searchCardPrompt
FNDA:2,viewDeck
FNDA:2,(anonymous_19)
FNDA:0,viewDeckPrompt
FNDA:0,(anonymous_21)
FNDA:2,removeCard
FNDA:0,removeCardPrompt
FNDA:0,submitDeck
FNDA:0,(anonymous_28)
FNDA:0,showHelp
FNDA:0,(anonymous_30)
FNDA:0,(anonymous_31)
DA:3,5
DA:4,5
DA:5,5
DA:6,5
DA:10,5
DA:31,5
DA:32,5
DA:35,5
DA:36,1
DA:40,5
DA:41,1
DA:42,1
DA:43,1
DA:44,1
DA:49,0
DA:63,0
DA:65,0
DA:67,0
DA:69,0
DA:71,0
DA:73,0
DA:75,0
DA:76,0
DA:81,5
DA:82,2
DA:85,1
DA:89,0
DA:95,0
DA:96,0
DA:97,0
DA:98,0
DA:101,0
DA:102,0
DA:111,0
DA:112,0
DA:117,0
DA:121,0
DA:127,0
DA:128,0
DA:129,0
DA:132,0
DA:135,0
DA:136,0
DA:140,5
DA:141,2
DA:142,1
DA:144,1
DA:145,2
DA:150,0
DA:151,0
DA:153,0
DA:154,0
DA:156,0
DA:160,5
DA:161,2
DA:162,0
DA:163,0
DA:166,2
DA:172,2
DA:173,2
DA:174,1
DA:175,1
DA:177,1
DA:182,0
DA:183,0
DA:188,0
DA:189,0
DA:190,0
DA:193,0
DA:199,0
DA:200,0
DA:203,0
DA:206,0
DA:207,0
DA:210,0
DA:213,0
DA:215,0
DA:216,0
DA:220,0
DA:225,0
DA:244,0
DA:248,5
DA:249,0
DA:250,0
DA:251,0
DA:252,0
DA:253,0
DA:255,0
DA:257,0
DA:258,0
DA:260,0
DA:261,0
LF:92
LH:31
BRDA:44,0,0,1
BRDA:44,0,1,0
BRDA:63,1,0,0
BRDA:63,1,1,0
BRDA:63,1,2,0
BRDA:63,1,3,0
BRDA:63,1,4,0
BRDA:63,1,5,0
BRDA:101,2,0,0
BRDA:111,3,0,0
BRDA:111,3,1,0
BRDA:127,4,0,0
BRDA:141,5,0,1
BRDA:141,5,1,1
BRDA:150,6,0,0
BRDA:150,6,1,0
BRDA:161,7,0,0
BRDA:173,8,0,1
BRDA:173,8,1,1
BRDA:173,9,0,2
BRDA:173,9,1,2
BRDA:188,10,0,0
BRDA:206,11,0,0
BRDA:215,12,0,0
BRDA:248,13,0,0
BRDA:260,14,0,0
BRF:26
BRH:7
end_of_record
