TN:
SF:index.ts
FN:35,wait
FN:36,(anonymous_9)
FN:40,getSecret
FN:48,mainMenu
FN:81,searchCard
FN:88,searchCardPrompt
FN:137,viewDeck
FN:142,(anonymous_19)
FN:146,viewDeckPrompt
FN:151,(anonymous_21)
FN:157,removeCard
FN:178,removeCardPrompt
FN:184,submitDeck
FN:200,(anonymous_28)
FN:219,showHelp
FN:244,(anonymous_30)
FN:244,(anonymous_31)
FNF:17
FNH:7
FNDA:1,wait
FNDA:1,(anonymous_9)
FNDA:1,getSecret
FNDA:0,mainMenu
FNDA:2,searchCard
FNDA:0,searchCardPrompt
FNDA:2,viewDeck
FNDA:2,(anonymous_19)
FNDA:0,viewDeckPrompt
FNDA:0,(anonymous_21)
FNDA:2,removeCard
FNDA:0,removeCardPrompt
FNDA:0,submitDeck
FNDA:0,(anonymous_28)
FNDA:0,showHelp
FNDA:0,(anonymous_30)
FNDA:0,(anonymous_31)
DA:3,5
DA:4,5
DA:5,5
DA:6,5
DA:10,5
DA:31,5
DA:32,5
DA:35,5
DA:36,1
DA:40,5
DA:41,1
DA:42,1
DA:43,1
DA:44,1
DA:49,0
DA:63,0
DA:65,0
DA:67,0
DA:69,0
DA:71,0
DA:73,0
DA:75,0
DA:76,0
DA:81,5
DA:82,2
DA:85,1
DA:89,0
DA:95,0
DA:96,0
DA:97,0
DA:98,0
DA:101,0
DA:102,0
DA:111,0
DA:112,0
DA:114,0
DA:118,0
DA:124,0
DA:125,0
DA:126,0
DA:129,0
DA:132,0
DA:133,0
DA:137,5
DA:138,2
DA:139,1
DA:141,1
DA:142,2
DA:147,0
DA:148,0
DA:150,0
DA:151,0
DA:153,0
DA:157,5
DA:158,2
DA:159,0
DA:160,0
DA:163,2
DA:169,2
DA:170,2
DA:171,1
DA:172,1
DA:174,1
DA:179,0
DA:180,0
DA:185,0
DA:186,0
DA:187,0
DA:190,0
DA:196,0
DA:197,0
DA:200,0
DA:203,0
DA:204,0
DA:207,0
DA:210,0
DA:212,0
DA:215,0
DA:220,0
DA:239,0
DA:243,5
DA:244,0
DA:245,0
DA:246,0
DA:247,0
DA:248,0
DA:250,0
DA:252,0
DA:253,0
DA:255,0
LF:90
LH:31
BRDA:44,0,0,1
BRDA:44,0,1,0
BRDA:63,1,0,0
BRDA:63,1,1,0
BRDA:63,1,2,0
BRDA:63,1,3,0
BRDA:63,1,4,0
BRDA:63,1,5,0
BRDA:101,2,0,0
BRDA:111,3,0,0
BRDA:111,3,1,0
BRDA:124,4,0,0
BRDA:138,5,0,1
BRDA:138,5,1,1
BRDA:147,6,0,0
BRDA:147,6,1,0
BRDA:158,7,0,0
BRDA:170,8,0,1
BRDA:170,8,1,1
BRDA:170,9,0,2
BRDA:170,9,1,2
BRDA:185,10,0,0
BRDA:203,11,0,0
BRDA:243,12,0,0
BRF:24
BRH:7
end_of_record
